== Sinatra (v4.2.1) has taken the stage on 4567 for development with backup from Puma
Puma starting in single mode...
* Puma version: 7.1.0 ("Neon Witch")
* Ruby version: ruby 3.4.4 (2025-05-14 revision a38531fd3f) +PRISM [arm64-darwin25]
*  Min threads: 0
*  Max threads: 5
*  Environment: development
*          PID: 36534
== Someone is already performing on port 4567!
== Sinatra has ended his set (crowd applauds)
/Users/igorkamrakov/.rbenv/versions/3.4.4/lib/ruby/gems/3.4.0/gems/puma-7.1.0/lib/puma/binder.rb:344:in 'TCPServer#initialize': Address already in use - bind(2) for "127.0.0.1" port 4567 (Errno::EADDRINUSE)
	from /Users/igorkamrakov/.rbenv/versions/3.4.4/lib/ruby/gems/3.4.0/gems/puma-7.1.0/lib/puma/binder.rb:344:in 'IO.new'
	from /Users/igorkamrakov/.rbenv/versions/3.4.4/lib/ruby/gems/3.4.0/gems/puma-7.1.0/lib/puma/binder.rb:344:in 'Puma::Binder#add_tcp_listener'
	from /Users/igorkamrakov/.rbenv/versions/3.4.4/lib/ruby/gems/3.4.0/gems/puma-7.1.0/lib/puma/binder.rb:338:in 'block in Puma::Binder#add_tcp_listener'
	from /Users/igorkamrakov/.rbenv/versions/3.4.4/lib/ruby/gems/3.4.0/gems/puma-7.1.0/lib/puma/binder.rb:337:in 'Array#each'
	from /Users/igorkamrakov/.rbenv/versions/3.4.4/lib/ruby/gems/3.4.0/gems/puma-7.1.0/lib/puma/binder.rb:337:in 'Puma::Binder#add_tcp_listener'
	from /Users/igorkamrakov/.rbenv/versions/3.4.4/lib/ruby/gems/3.4.0/gems/puma-7.1.0/lib/puma/binder.rb:173:in 'block in Puma::Binder#parse'
	from /Users/igorkamrakov/.rbenv/versions/3.4.4/lib/ruby/gems/3.4.0/gems/puma-7.1.0/lib/puma/binder.rb:156:in 'Array#each'
	from /Users/igorkamrakov/.rbenv/versions/3.4.4/lib/ruby/gems/3.4.0/gems/puma-7.1.0/lib/puma/binder.rb:156:in 'Puma::Binder#parse'
	from /Users/igorkamrakov/.rbenv/versions/3.4.4/lib/ruby/gems/3.4.0/gems/puma-7.1.0/lib/puma/runner.rb:166:in 'Puma::Runner#load_and_bind'
	from /Users/igorkamrakov/.rbenv/versions/3.4.4/lib/ruby/gems/3.4.0/gems/puma-7.1.0/lib/puma/single.rb:44:in 'Puma::Single#run'
	from /Users/igorkamrakov/.rbenv/versions/3.4.4/lib/ruby/gems/3.4.0/gems/puma-7.1.0/lib/puma/launcher.rb:207:in 'Puma::Launcher#run'
	from /Users/igorkamrakov/.rbenv/versions/3.4.4/lib/ruby/gems/3.4.0/gems/puma-7.1.0/lib/rack/handler/puma.rb:79:in 'Puma::RackHandler#run'
	from /Users/igorkamrakov/.rbenv/versions/3.4.4/lib/ruby/gems/3.4.0/gems/sinatra-4.2.1/lib/sinatra/base.rb:1698:in 'Sinatra::Base.start_server'
	from /Users/igorkamrakov/.rbenv/versions/3.4.4/lib/ruby/gems/3.4.0/gems/sinatra-4.2.1/lib/sinatra/base.rb:1637:in 'Sinatra::Base.run!'
	from /Users/igorkamrakov/.rbenv/versions/3.4.4/lib/ruby/gems/3.4.0/gems/sinatra-4.2.1/lib/sinatra/main.rb:47:in 'block in <module:Sinatra>'
